<?xml version="1.0" encoding="UTF-8"?>
<!-- Generated by org.testng.reporters.JUnitReportReporter -->
<testsuite hostname="FFE-Bandi-Saiteja" failures="0" tests="1" name="authorization.PreEmptiveAuthTest" time="2.774" errors="0" timestamp="2025-10-21T10:01:10 IST" skipped="0">
  <testcase classname="authorization.PreEmptiveAuthTest" name="basicAuth" time="2.774"/>
</testsuite> <!-- authorization.PreEmptiveAuthTest -->
