<?xml version="1.0" encoding="UTF-8"?>
<!-- Generated by org.testng.reporters.JUnitReportReporter -->
<testsuite hostname="FFE-Bandi-Saiteja" failures="0" tests="1" name="mockingBySpark.CreditCardMock" time="2.952" errors="0" timestamp="2025-10-23T14:23:05 IST" skipped="0">
  <testcase classname="mockingBySpark.CreditCardMock" name="creditMock" time="2.952"/>
</testsuite> <!-- mockingBySpark.CreditCardMock -->
