<?xml version="1.0" encoding="UTF-8"?>
<!-- Generated by org.testng.reporters.JUnitReportReporter -->
<testsuite hostname="FFE-Bandi-Saiteja" failures="0" tests="1" name="validate.Header.HeaderValidation1" time="1.239" errors="0" timestamp="2025-10-15T15:00:28 IST" skipped="0">
  <testcase classname="validate.Header.HeaderValidation1" name="headerValidation" time="1.239"/>
</testsuite> <!-- validate.Header.HeaderValidation1 -->
