<?xml version="1.0" encoding="UTF-8"?>
<!-- Generated by org.testng.reporters.JUnitReportReporter -->
<testsuite hostname="FFE-Bandi-Saiteja" failures="0" tests="1" name="encryption.AESEncryptionTest" time="0.046" errors="0" timestamp="2025-10-21T11:45:17 IST" skipped="0">
  <testcase classname="encryption.AESEncryptionTest" name="sampleTest" time="0.046"/>
</testsuite> <!-- encryption.AESEncryptionTest -->
