<?xml version="1.0" encoding="UTF-8"?>
<!-- Generated by org.testng.reporters.JUnitReportReporter -->
<testsuite hostname="FFE-Bandi-Saiteja" failures="0" tests="1" name="CRUD_Operations_With_BDD.SampleTestForCreatingAProject" time="2.477" errors="0" timestamp="2025-10-14T14:23:35 IST" skipped="0">
  <testcase classname="CRUD_Operations_With_BDD.SampleTestForCreatingAProject" name="postProjectToServer" time="2.477"/>
</testsuite> <!-- CRUD_Operations_With_BDD.SampleTestForCreatingAProject -->
