<?xml version="1.0" encoding="UTF-8"?>
<!-- Generated by org.testng.reporters.JUnitReportReporter -->
<testsuite hostname="FFE-Bandi-Saiteja" failures="0" tests="1" name="validate.ResponseBody.GetSpecificKeyValueFromResponseBodyUsingJsonPath" time="2.104" errors="0" timestamp="2025-10-15T16:05:25 IST" skipped="0">
  <testcase classname="validate.ResponseBody.GetSpecificKeyValueFromResponseBodyUsingJsonPath" name="getkeysValue" time="2.104"/>
</testsuite> <!-- validate.ResponseBody.GetSpecificKeyValueFromResponseBodyUsingJsonPath -->
