<?xml version="1.0" encoding="UTF-8"?>
<!-- Generated by org.testng.reporters.JUnitReportReporter -->
<testsuite hostname="FFE-Bandi-Saiteja" failures="0" tests="1" name="encryption.Base64EncodeAndDecodeTest" time="0.011" errors="0" timestamp="2025-10-21T11:09:10 IST" skipped="0">
  <testcase classname="encryption.Base64EncodeAndDecodeTest" name="base64EncryptionTest" time="0.011"/>
</testsuite> <!-- encryption.Base64EncodeAndDecodeTest -->
