<?xml version="1.0" encoding="UTF-8"?>
<!-- Generated by org.testng.reporters.JUnitReportReporter -->
<testsuite hostname="FFE-Bandi-Saiteja" failures="0" tests="1" name="CRUD_Operations_With_BDD.SampleTestForDeletingAProject" time="1.462" errors="0" timestamp="2025-10-14T14:45:36 IST" skipped="0">
  <testcase classname="CRUD_Operations_With_BDD.SampleTestForDeletingAProject" name="deleteAProjectFromServer" time="1.462"/>
</testsuite> <!-- CRUD_Operations_With_BDD.SampleTestForDeletingAProject -->
