<?xml version="1.0" encoding="UTF-8"?>
<!-- Generated by org.testng.reporters.JUnitReportReporter -->
<testsuite hostname="FFE-Bandi-Saiteja" failures="0" tests="1" name="CRUD_Operations_Witho_BDD.SampleTestForCompleteUpdate_PUT_AProject" time="1.455" errors="0" timestamp="2025-10-14T14:17:58 IST" skipped="0">
  <testcase classname="CRUD_Operations_Witho_BDD.SampleTestForCompleteUpdate_PUT_AProject" name="partialUpdateWithPut_ProjectToServer" time="1.455"/>
</testsuite> <!-- CRUD_Operations_Witho_BDD.SampleTestForCompleteUpdate_PUT_AProject -->
