<?xml version="1.0" encoding="UTF-8"?>
<!-- Generated by org.testng.reporters.JUnitReportReporter -->
<testsuite hostname="FFE-Bandi-Saiteja" failures="0" tests="10" name="dataDrivenTesting.AddMultipleProjectsByDataProviderFromExcelTest" time="11.714" errors="0" timestamp="2025-10-21T16:24:23 IST" skipped="0">
  <testcase classname="dataDrivenTesting.AddMultipleProjectsByDataProviderFromExcelTest" name="sampleTest" time="1.045"/>
  <testcase classname="dataDrivenTesting.AddMultipleProjectsByDataProviderFromExcelTest" name="sampleTest" time="1.040"/>
  <testcase classname="dataDrivenTesting.AddMultipleProjectsByDataProviderFromExcelTest" name="sampleTest" time="1.029"/>
  <testcase classname="dataDrivenTesting.AddMultipleProjectsByDataProviderFromExcelTest" name="sampleTest" time="1.028"/>
  <testcase classname="dataDrivenTesting.AddMultipleProjectsByDataProviderFromExcelTest" name="sampleTest" time="1.024"/>
  <testcase classname="dataDrivenTesting.AddMultipleProjectsByDataProviderFromExcelTest" name="sampleTest" time="1.026"/>
  <testcase classname="dataDrivenTesting.AddMultipleProjectsByDataProviderFromExcelTest" name="sampleTest" time="1.028"/>
  <testcase classname="dataDrivenTesting.AddMultipleProjectsByDataProviderFromExcelTest" name="sampleTest" time="2.436"/>
  <testcase classname="dataDrivenTesting.AddMultipleProjectsByDataProviderFromExcelTest" name="sampleTest" time="1.032"/>
  <testcase classname="dataDrivenTesting.AddMultipleProjectsByDataProviderFromExcelTest" name="sampleTest" time="1.026"/>
</testsuite> <!-- dataDrivenTesting.AddMultipleProjectsByDataProviderFromExcelTest -->
