<?xml version="1.0" encoding="UTF-8"?>
<!-- Generated by org.testng.reporters.JUnitReportReporter -->
<testsuite hostname="FFE-Bandi-Saiteja" failures="0" tests="1" name="validate.Header.ValidateResponseTime" time="1.145" errors="0" timestamp="2025-10-15T15:16:32 IST" skipped="0">
  <testcase classname="validate.Header.ValidateResponseTime" name="validateResponseTime" time="1.145"/>
</testsuite> <!-- validate.Header.ValidateResponseTime -->
