<?xml version="1.0" encoding="UTF-8"?>
<!-- Generated by org.testng.reporters.JUnitReportReporter -->
<testsuite hostname="FFE-Bandi-Saiteja" failures="0" tests="1" name="CRUD_Operations_With_BDD.SampleTestForPartialUpdate_PATCH_AProject" time="1.609" errors="0" timestamp="2025-10-14T14:42:07 IST" skipped="0">
  <testcase classname="CRUD_Operations_With_BDD.SampleTestForPartialUpdate_PATCH_AProject" name="updateProjectUsingPatchInServer" time="1.609"/>
</testsuite> <!-- CRUD_Operations_With_BDD.SampleTestForPartialUpdate_PATCH_AProject -->
