<?xml version="1.0" encoding="UTF-8"?>
<!-- Generated by org.testng.reporters.JUnitReportReporter -->
<testsuite hostname="FFE-Bandi-Saiteja" failures="0" tests="3" name="dataDrivenTesting.AddMultipleProjectsTest" time="4.418" errors="0" timestamp="2025-10-21T13:50:34 IST" skipped="0">
  <testcase classname="dataDrivenTesting.AddMultipleProjectsTest" name="sampleTest" time="1.026"/>
  <testcase classname="dataDrivenTesting.AddMultipleProjectsTest" name="sampleTest" time="1.030"/>
  <testcase classname="dataDrivenTesting.AddMultipleProjectsTest" name="sampleTest" time="2.362"/>
</testsuite> <!-- dataDrivenTesting.AddMultipleProjectsTest -->
