<?xml version="1.0" encoding="UTF-8"?>
<!-- Generated by org.testng.reporters.JUnitReportReporter -->
<testsuite hostname="FFE-Bandi-Saiteja" failures="0" tests="1" name="jsonPath.Using_json_path_dependency.GetValueOfKeyUsingJsonPathDependency" time="1.697" errors="0" timestamp="2025-10-15T16:49:53 IST" skipped="0">
  <testcase classname="jsonPath.Using_json_path_dependency.GetValueOfKeyUsingJsonPathDependency" name="getValueForKey" time="1.697"/>
</testsuite> <!-- jsonPath.Using_json_path_dependency.GetValueOfKeyUsingJsonPathDependency -->
