<?xml version="1.0" encoding="UTF-8"?>
<!-- Generated by org.testng.reporters.JUnitReportReporter -->
<testsuite hostname="FFE-Bandi-Saiteja" failures="0" tests="1" name="CRUD_Operations_Without_BDD.CRUD_WithoutUsingBDD" time="1.441" errors="0" timestamp="2025-10-13T18:53:50 IST" skipped="0">
  <testcase classname="CRUD_Operations_Without_BDD.CRUD_WithoutUsingBDD" name="getAllProjects" time="1.441"/>
</testsuite> <!-- CRUD_Operations_Without_BDD.CRUD_WithoutUsingBDD -->
