<?xml version="1.0" encoding="UTF-8"?>
<!-- Generated by org.testng.reporters.JUnitReportReporter -->
<testsuite hostname="FFE-Bandi-Saiteja" failures="0" tests="1" name="CRUD_Operations_Without_BDD.SampleTestForDeletingAProject" time="1.378" errors="0" timestamp="2025-10-14T10:42:13 IST" skipped="0">
  <testcase classname="CRUD_Operations_Without_BDD.SampleTestForDeletingAProject" name="postProjectToServer" time="1.378"/>
</testsuite> <!-- CRUD_Operations_Without_BDD.SampleTestForDeletingAProject -->
