<?xml version="1.0" encoding="UTF-8"?>
<!-- Generated by org.testng.reporters.JUnitReportReporter -->
<testsuite hostname="FFE-Bandi-Saiteja" failures="0" tests="1" name="authorization.DigestiveAuthTest" time="2.024" errors="0" timestamp="2025-10-21T09:57:23 IST" skipped="0">
  <testcase classname="authorization.DigestiveAuthTest" name="basicAuth" time="2.024"/>
</testsuite> <!-- authorization.DigestiveAuthTest -->
