<?xml version="1.0" encoding="UTF-8"?>
<!-- Generated by org.testng.reporters.JUnitReportReporter -->
<testsuite hostname="FFE-Bandi-Saiteja" failures="0" tests="1" name="validate.ResponseBody.ValidateResponseBody" time="2.118" errors="0" timestamp="2025-10-15T16:16:22 IST" skipped="0">
  <testcase classname="validate.ResponseBody.ValidateResponseBody" name="validateResponseBody" time="2.118"/>
</testsuite> <!-- validate.ResponseBody.ValidateResponseBody -->
