<?xml version="1.0" encoding="UTF-8"?>
<!-- Generated by org.testng.reporters.JUnitReportReporter -->
<testsuite hostname="FFE-Bandi-Saiteja" failures="0" tests="1" name="CRUD_Operations_Without_BDD.SampleTestForCompleteUpdate_PUT_AProject" time="1.427" errors="0" timestamp="2025-10-14T10:35:41 IST" skipped="0">
  <testcase classname="CRUD_Operations_Without_BDD.SampleTestForCompleteUpdate_PUT_AProject" name="postProjectToServer" time="1.427"/>
</testsuite> <!-- CRUD_Operations_Without_BDD.SampleTestForCompleteUpdate_PUT_AProject -->
