<?xml version="1.0" encoding="UTF-8"?>
<!-- Generated by org.testng.reporters.JUnitReportReporter -->
<testsuite hostname="FFE-Bandi-Saiteja" failures="0" tests="2" name="com.ninza.HRM.projects.addAProjectWithValidData" time="1.091" errors="0" timestamp="2025-10-24T10:44:47 IST" skipped="0">
  <testcase classname="com.ninza.HRM.projects.addAProjectWithValidData" name="addProjectWithDuplicateProjectName" time="0.025"/>
  <testcase classname="com.ninza.HRM.projects.addAProjectWithValidData" name="addProject" time="1.066"/>
</testsuite> <!-- com.ninza.HRM.projects.addAProjectWithValidData -->
