<?xml version="1.0" encoding="UTF-8"?>
<!-- Generated by org.testng.reporters.JUnitReportReporter -->
<testsuite hostname="FFE-Bandi-Saiteja" failures="0" tests="1" name="com.ninza.HRM.employees.EmployeeAddingTest" time="2.454" errors="0" timestamp="2025-10-24T10:44:47 IST" skipped="0">
  <testcase classname="com.ninza.HRM.employees.EmployeeAddingTest" name="addEmployee" time="2.454"/>
</testsuite> <!-- com.ninza.HRM.employees.EmployeeAddingTest -->
